# JRE version: Java(TM) SE Runtime Environment (8.0_121-b13) (build 1.8.0_121-b13)
# Java VM: Java HotSpot(TM) 64-Bit Server VM (25.121-b13 mixed mode linux-amd64 compressed oops)
Heap:
 PSYoungGen      total 449536K, used 100094K [0x00000000d6d80000, 0x0000000100000000, 0x0000000100000000)
  eden space 224768K, 0% used [0x00000000d6d80000,0x00000000d6d80000,0x00000000e4900000)
  from space 224768K, 44% used [0x00000000e4900000,0x00000000eaabfb40,0x00000000f2480000)
  to   space 224768K, 0% used [0x00000000f2480000,0x00000000f2480000,0x0000000100000000)
 ParOldGen       total 712192K, used 711965K [0x0000000084800000, 0x00000000aff80000, 0x00000000d6d80000)
  object space 712192K, 99% used [0x0000000084800000,0x00000000aff476c8,0x00000000aff80000)
 Metaspace       used 6223K, capacity 6426K, committed 6528K, reserved 1056768K
  class space    used 731K, capacity 800K, committed 896K, reserved 1048576K
GC Heap History (10 events):
Event: 6,492 GC heap after
Heap after GC invocations=13 (full 3):
 PSYoungGen      total 373760K, used 184832K [0x00000000d6d80000, 0x0000000100000000, 0x0000000100000000)
  eden space 188928K, 0% used [0x00000000d6d80000,0x00000000d6d80000,0x00000000e2600000)
  from space 184832K, 100% used [0x00000000f0180000,0x00000000fb600000,0x00000000fb600000)
  to   space 224768K, 0% used [0x00000000e2600000,0x00000000e2600000,0x00000000f0180000)
 ParOldGen       total 466944K, used 345315K [0x0000000084800000, 0x00000000a1000000, 0x00000000d6d80000)
  object space 466944K, 73% used [0x0000000084800000,0x0000000099938d48,0x00000000a1000000)
 Metaspace       used 6223K, capacity 6426K, committed 6528K, reserved 1056768K
  class space    used 731K, capacity 800K, committed 896K, reserved 1048576K
}
Event: 6,603 GC heap before
{Heap before GC invocations=14 (full 3):
 PSYoungGen      total 373760K, used 373760K [0x00000000d6d80000, 0x0000000100000000, 0x0000000100000000)
  eden space 188928K, 100% used [0x00000000d6d80000,0x00000000e2600000,0x00000000e2600000)
  from space 184832K, 100% used [0x00000000f0180000,0x00000000fb600000,0x00000000fb600000)
  to   space 224768K, 0% used [0x00000000e2600000,0x00000000e2600000,0x00000000f0180000)
 ParOldGen       total 466944K, used 345315K [0x0000000084800000, 0x00000000a1000000, 0x00000000d6d80000)
  object space 466944K, 73% used [0x0000000084800000,0x0000000099938d48,0x00000000a1000000)
 Metaspace       used 6223K, capacity 6426K, committed 6528K, reserved 1056768K
  class space    used 731K, capacity 800K, committed 896K, reserved 1048576K
Event: 6,886 GC heap after
Heap after GC invocations=14 (full 3):
 PSYoungGen      total 413696K, used 224768K [0x00000000d6d80000, 0x0000000100000000, 0x0000000100000000)
  eden space 188928K, 0% used [0x00000000d6d80000,0x00000000d6d80000,0x00000000e2600000)
  from space 224768K, 100% used [0x00000000e2600000,0x00000000f0180000,0x00000000f0180000)
  to   space 224768K, 0% used [0x00000000f2480000,0x00000000f2480000,0x0000000100000000)
 ParOldGen       total 466944K, used 394051K [0x0000000084800000, 0x00000000a1000000, 0x00000000d6d80000)
  object space 466944K, 84% used [0x0000000084800000,0x000000009c8d0d48,0x00000000a1000000)
 Metaspace       used 6223K, capacity 6426K, committed 6528K, reserved 1056768K
  class space    used 731K, capacity 800K, committed 896K, reserved 1048576K
}
Event: 6,886 GC heap before
{Heap before GC invocations=15 (full 4):
 PSYoungGen      total 413696K, used 224768K [0x00000000d6d80000, 0x0000000100000000, 0x0000000100000000)
  eden space 188928K, 0% used [0x00000000d6d80000,0x00000000d6d80000,0x00000000e2600000)
  from space 224768K, 100% used [0x00000000e2600000,0x00000000f0180000,0x00000000f0180000)
  to   space 224768K, 0% used [0x00000000f2480000,0x00000000f2480000,0x0000000100000000)
 ParOldGen       total 466944K, used 394051K [0x0000000084800000, 0x00000000a1000000, 0x00000000d6d80000)
  object space 466944K, 84% used [0x0000000084800000,0x000000009c8d0d48,0x00000000a1000000)
 Metaspace       used 6223K, capacity 6426K, committed 6528K, reserved 1056768K
  class space    used 731K, capacity 800K, committed 896K, reserved 1048576K
Event: 9,869 GC heap after
Heap after GC invocations=15 (full 4):
 PSYoungGen      total 413696K, used 151406K [0x00000000d6d80000, 0x0000000100000000, 0x0000000100000000)
  eden space 188928K, 0% used [0x00000000d6d80000,0x00000000d6d80000,0x00000000e2600000)
  from space 224768K, 67% used [0x00000000e2600000,0x00000000eb9dbb80,0x00000000f0180000)
  to   space 224768K, 0% used [0x00000000f2480000,0x00000000f2480000,0x0000000100000000)
 ParOldGen       total 709632K, used 466748K [0x0000000084800000, 0x00000000afd00000, 0x00000000d6d80000)
  object space 709632K, 65% used [0x0000000084800000,0x00000000a0fcf338,0x00000000afd00000)
 Metaspace       used 6223K, capacity 6426K, committed 6528K, reserved 1056768K
  class space    used 731K, capacity 800K, committed 896K, reserved 1048576K
}
Event: 10,007 GC heap before
{Heap before GC invocations=16 (full 4):
 PSYoungGen      total 413696K, used 340334K [0x00000000d6d80000, 0x0000000100000000, 0x0000000100000000)
  eden space 188928K, 100% used [0x00000000d6d80000,0x00000000e2600000,0x00000000e2600000)
  from space 224768K, 67% used [0x00000000e2600000,0x00000000eb9dbb80,0x00000000f0180000)
  to   space 224768K, 0% used [0x00000000f2480000,0x00000000f2480000,0x0000000100000000)
 ParOldGen       total 709632K, used 466748K [0x0000000084800000, 0x00000000afd00000, 0x00000000d6d80000)
  object space 709632K, 65% used [0x0000000084800000,0x00000000a0fcf338,0x00000000afd00000)
 Metaspace       used 6223K, capacity 6426K, committed 6528K, reserved 1056768K
  class space    used 731K, capacity 800K, committed 896K, reserved 1048576K
Event: 10,345 GC heap after
Heap after GC invocations=16 (full 4):
 PSYoungGen      total 449536K, used 150592K [0x00000000d6d80000, 0x0000000100000000, 0x0000000100000000)
  eden space 224768K, 0% used [0x00000000d6d80000,0x00000000d6d80000,0x00000000e4900000)
  from space 224768K, 66% used [0x00000000f2480000,0x00000000fb790010,0x0000000100000000)
  to   space 224768K, 0% used [0x00000000e4900000,0x00000000e4900000,0x00000000f2480000)
 ParOldGen       total 709632K, used 560932K [0x0000000084800000, 0x00000000afd00000, 0x00000000d6d80000)
  object space 709632K, 79% used [0x0000000084800000,0x00000000a6bc9338,0x00000000afd00000)
 Metaspace       used 6223K, capacity 6426K, committed 6528K, reserved 1056768K
  class space    used 731K, capacity 800K, committed 896K, reserved 1048576K
}
Event: 10,475 GC heap before
{Heap before GC invocations=17 (full 4):
 PSYoungGen      total 449536K, used 375360K [0x00000000d6d80000, 0x0000000100000000, 0x0000000100000000)
  eden space 224768K, 100% used [0x00000000d6d80000,0x00000000e4900000,0x00000000e4900000)
  from space 224768K, 66% used [0x00000000f2480000,0x00000000fb790010,0x0000000100000000)
  to   space 224768K, 0% used [0x00000000e4900000,0x00000000e4900000,0x00000000f2480000)
 ParOldGen       total 709632K, used 560932K [0x0000000084800000, 0x00000000afd00000, 0x00000000d6d80000)
  object space 709632K, 79% used [0x0000000084800000,0x00000000a6bc9338,0x00000000afd00000)
 Metaspace       used 6223K, capacity 6426K, committed 6528K, reserved 1056768K
  class space    used 731K, capacity 800K, committed 896K, reserved 1048576K
Event: 10,807 GC heap after
Heap after GC invocations=17 (full 4):
 PSYoungGen      total 449536K, used 105408K [0x00000000d6d80000, 0x0000000100000000, 0x0000000100000000)
  eden space 224768K, 0% used [0x00000000d6d80000,0x00000000d6d80000,0x00000000e4900000)
  from space 224768K, 46% used [0x00000000e4900000,0x00000000eaff0000,0x00000000f2480000)
  to   space 224768K, 0% used [0x00000000f2480000,0x00000000f2480000,0x0000000100000000)
 ParOldGen       total 712192K, used 711812K [0x0000000084800000, 0x00000000aff80000, 0x00000000d6d80000)
  object space 712192K, 99% used [0x0000000084800000,0x00000000aff21348,0x00000000aff80000)
 Metaspace       used 6223K, capacity 6426K, committed 6528K, reserved 1056768K
  class space    used 731K, capacity 800K, committed 896K, reserved 1048576K
}
Event: 10,807 GC heap before
{Heap before GC invocations=18 (full 5):
 PSYoungGen      total 449536K, used 105408K [0x00000000d6d80000, 0x0000000100000000, 0x0000000100000000)
  eden space 224768K, 0% used [0x00000000d6d80000,0x00000000d6d80000,0x00000000e4900000)
  from space 224768K, 46% used [0x00000000e4900000,0x00000000eaff0000,0x00000000f2480000)
  to   space 224768K, 0% used [0x00000000f2480000,0x00000000f2480000,0x0000000100000000)
 ParOldGen       total 712192K, used 711812K [0x0000000084800000, 0x00000000aff80000, 0x00000000d6d80000)
  object space 712192K, 99% used [0x0000000084800000,0x00000000aff21348,0x00000000aff80000)
 Metaspace       used 6223K, capacity 6426K, committed 6528K, reserved 1056768K
  class space    used 731K, capacity 800K, committed 896K, reserved 1048576K

